[2026-02-18 11:53:28.330] [299761] [HailoRT] [info] [hef.cpp:1994] [get_network_group_and_network_name] No name was given. Addressing all networks of default network_group: yolov8s
[2026-02-18 11:53:28.463] [299761] [HailoRT] [info] [vdevice.cpp:535] [create] Creating vdevice with params: device_count: 1, scheduling_algorithm: NONE, multi_process_service: false
[2026-02-18 11:53:28.475] [299761] [HailoRT] [info] [device.cpp:51] [Device] OS Version: Linux 6.12.62+rpt-rpi-2712 #1 SMP PREEMPT Debian 1:6.12.62-1+rpt1 (2025-12-18) aarch64
[2026-02-18 11:53:28.479] [299761] [HailoRT] [info] [control.cpp:113] [control__parse_identify_results] firmware_version is: 4.23.0
[2026-02-18 11:53:28.479] [299761] [HailoRT] [info] [vdevice.cpp:682] [create] VDevice Infos: 0001:01:00.0
[2026-02-18 11:53:28.494] [299761] [HailoRT] [info] [internal_buffer_manager.cpp:77] [print_execution_results] Planned internal buffer memory: CMA=0 CMA-Desc=65536 Pinned=1048576. memory to edge layer usage factor is 1
[2026-02-18 11:53:28.494] [299761] [HailoRT] [info] [internal_buffer_manager.cpp:86] [print_execution_results] Default Internal buffer planner executed successfully
[2026-02-18 11:53:28.587] [299761] [HailoRT] [info] [device_internal.cpp:57] [configure] Configuring HEF took 105.444352 milliseconds
[2026-02-18 11:53:28.587] [299761] [HailoRT] [info] [vdevice.cpp:780] [configure] Configuring HEF on VDevice took 108.01317 milliseconds
[2026-02-18 11:53:28.597] [299761] [HailoRT] [info] [core_op.cpp:156] [activate] Activating yolov8s took 10.069403 milliseconds. Note that the function is asynchronous and thus the network is not fully activated yet.
[2026-02-18 11:53:28.598] [299761] [HailoRT] [info] [core_op.cpp:156] [activate] Activating yolov8s took 10.098477 milliseconds. Note that the function is asynchronous and thus the network is not fully activated yet.
[2026-02-18 11:53:28.598] [299761] [HailoRT] [info] [edge_elements.cpp:52] [create] Created (HwWriteEl3yolov8s/input_layer1 | hw_frame_size: 1228800)
[2026-02-18 11:53:28.600] [299761] [HailoRT] [info] [queue_elements.cpp:284] [create] Created (PushQEl3yolov8s/input_layer1 | timeout: 10s)
[2026-02-18 11:53:28.609] [299761] [HailoRT] [info] [filter_elements.cpp:101] [create] Created (PreInferEl3yolov8s/input_layer1 | Reorder - src_order: NHWC, src_shape: (640, 640, 3), dst_order: NHCW, dst_shape: (640, 640, 3))
[2026-02-18 11:53:28.609] [299761] [HailoRT] [info] [vstream.cpp:754] [InputVStreamImpl] Creating yolov8s/input_layer1...
[2026-02-18 11:53:28.609] [299761] [HailoRT] [info] [vstream_builder.cpp:102] [create_inputs] Input pipeline 'yolov8s/input_layer1': (PreInferEl3yolov8s/input_layer1 | Reorder - src_order: NHWC, src_shape: (640, 640, 3), dst_order: NHCW, dst_shape: (640, 640, 3)) >> (PushQEl3yolov8s/input_layer1 | timeout: 10s) >> (HwWriteEl3yolov8s/input_layer1 | hw_frame_size: 1228800) >> HW
[2026-02-18 11:53:28.610] [299761] [HailoRT] [info] [multi_io_elements.cpp:135] [create] Created (NmsPPMuxEl0YOLOV8-Post-Process | Op YOLOV8, Name: YOLOV8-Post-Process, Score threshold: 0.200, IoU threshold: 0.70, Classes: 80, Max bboxes per class: 100, Image height: 640, Image width: 640)
[2026-02-18 11:53:28.610] [299761] [HailoRT] [info] [edge_elements.cpp:287] [create] Created (HwReadEl1yolov8s/conv41_97 | hw_frame_size: 409600)
[2026-02-18 11:53:28.612] [299761] [HailoRT] [info] [queue_elements.cpp:657] [create] Created (PullQEl_nms1yolov8s/conv41_97 | timeout: 10s)
[2026-02-18 11:53:28.612] [299761] [HailoRT] [info] [edge_elements.cpp:287] [create] Created (HwReadEl0yolov8s/conv42_97 | hw_frame_size: 512000)
[2026-02-18 11:53:28.617] [299761] [HailoRT] [info] [queue_elements.cpp:657] [create] Created (PullQEl_nms0yolov8s/conv42_97 | timeout: 10s)
[2026-02-18 11:53:28.617] [299761] [HailoRT] [info] [edge_elements.cpp:287] [create] Created (HwReadEl4yolov8s/conv52_97 | hw_frame_size: 102400)
[2026-02-18 11:53:28.618] [299761] [HailoRT] [info] [queue_elements.cpp:657] [create] Created (PullQEl_nms4yolov8s/conv52_97 | timeout: 10s)
[2026-02-18 11:53:28.618] [299761] [HailoRT] [info] [edge_elements.cpp:287] [create] Created (HwReadEl2yolov8s/conv53_97 | hw_frame_size: 128000)
[2026-02-18 11:53:28.623] [299761] [HailoRT] [info] [queue_elements.cpp:657] [create] Created (PullQEl_nms2yolov8s/conv53_97 | timeout: 10s)
[2026-02-18 11:53:28.623] [299761] [HailoRT] [info] [edge_elements.cpp:287] [create] Created (HwReadEl5yolov8s/conv62_97 | hw_frame_size: 30720)
[2026-02-18 11:53:28.623] [299761] [HailoRT] [info] [queue_elements.cpp:657] [create] Created (PullQEl_nms5yolov8s/conv62_97 | timeout: 10s)
[2026-02-18 11:53:28.645] [299761] [HailoRT] [info] [edge_elements.cpp:287] [create] Created (HwReadEl8yolov8s/conv63_97 | hw_frame_size: 38400)
[2026-02-18 11:53:28.645] [299761] [HailoRT] [info] [queue_elements.cpp:657] [create] Created (PullQEl_nms8yolov8s/conv63_97 | timeout: 10s)
[2026-02-18 11:53:28.646] [299761] [HailoRT] [info] [queue_elements.cpp:800] [create] Created (UserBufQEl_post_infer0yolov8s/yolov8_nms_postprocess | timeout: 10s)
[2026-02-18 11:53:28.646] [299761] [HailoRT] [info] [vstream.cpp:1114] [OutputVStreamImpl] Creating yolov8s/yolov8_nms_postprocess...
[2026-02-18 11:53:28.646] [299761] [HailoRT] [info] [vstream_builder.cpp:622] [create_output_post_process_nms] Output pipeline 'yolov8s/yolov8_nms_postprocess': HW >> (HwReadEl1yolov8s/conv41_97 | hw_frame_size: 409600) >> (PullQEl_nms1yolov8s/conv41_97) >> (HwReadEl0yolov8s/conv42_97 | hw_frame_size: 512000) >> (PullQEl_nms0yolov8s/conv42_97) >> (HwReadEl4yolov8s/conv52_97 | hw_frame_size: 102400) >> (PullQEl_nms4yolov8s/conv52_97) >> (HwReadEl2yolov8s/conv53_97 | hw_frame_size: 128000) >> (PullQEl_nms2yolov8s/conv53_97) >> (HwReadEl5yolov8s/conv62_97 | hw_frame_size: 30720) >> (PullQEl_nms5yolov8s/conv62_97) >> (HwReadEl8yolov8s/conv63_97 | hw_frame_size: 38400) >> (PullQEl_nms8yolov8s/conv63_97) >> (NmsPPMuxEl0YOLOV8-Post-Process | Op YOLOV8, Name: YOLOV8-Post-Process, Score threshold: 0.200, IoU threshold: 0.70, Classes: 80, Max bboxes per class: 100, Image height: 640, Image width: 640) >> (UserBufQEl_post_infer0yolov8s/yolov8_nms_postprocess | timeout: 10s)
[2026-02-18 11:53:28.661] [299935] [HailoRT] [info] [vdevice_native_stream.cpp:331] [read_impl] Failed read from stream HAILO_STREAM_ABORT(63) (device: 0001:01:00.0)
[2026-02-18 11:53:28.661] [299935] [HailoRT] [info] [edge_elements.cpp:396] [run_pull] Reading from stream was aborted!
[2026-02-18 11:53:28.661] [299935] [HailoRT] [info] [queue_elements.cpp:738] [run_in_thread] run_pull of queue element PullQEl_nms4yolov8s/conv52_97 was aborted!
[2026-02-18 11:53:28.661] [299933] [HailoRT] [info] [vdevice_native_stream.cpp:331] [read_impl] Failed read from stream HAILO_STREAM_ABORT(63) (device: 0001:01:00.0)
[2026-02-18 11:53:28.662] [299933] [HailoRT] [info] [edge_elements.cpp:396] [run_pull] Reading from stream was aborted!
[2026-02-18 11:53:28.661] [299934] [HailoRT] [info] [vdevice_native_stream.cpp:331] [read_impl] Failed read from stream HAILO_STREAM_ABORT(63) (device: 0001:01:00.0)
[2026-02-18 11:53:28.662] [299934] [HailoRT] [info] [edge_elements.cpp:396] [run_pull] Reading from stream was aborted!
[2026-02-18 11:53:28.662] [299933] [HailoRT] [info] [queue_elements.cpp:738] [run_in_thread] run_pull of queue element PullQEl_nms1yolov8s/conv41_97 was aborted!
[2026-02-18 11:53:28.662] [299934] [HailoRT] [info] [queue_elements.cpp:738] [run_in_thread] run_pull of queue element PullQEl_nms0yolov8s/conv42_97 was aborted!
[2026-02-18 11:53:28.665] [299936] [HailoRT] [info] [vdevice_native_stream.cpp:331] [read_impl] Failed read from stream HAILO_STREAM_ABORT(63) (device: 0001:01:00.0)
[2026-02-18 11:53:28.665] [299937] [HailoRT] [info] [vdevice_native_stream.cpp:331] [read_impl] Failed read from stream HAILO_STREAM_ABORT(63) (device: 0001:01:00.0)
[2026-02-18 11:53:28.665] [299937] [HailoRT] [info] [edge_elements.cpp:396] [run_pull] Reading from stream was aborted!
[2026-02-18 11:53:28.665] [299938] [HailoRT] [info] [vdevice_native_stream.cpp:331] [read_impl] Failed read from stream HAILO_STREAM_ABORT(63) (device: 0001:01:00.0)
[2026-02-18 11:53:28.665] [299938] [HailoRT] [info] [edge[2026-02-18 11:53:36.154] [300016] [HailoRT] [info] [hef.cpp:1994] [get_network_group_and_network_name] No name was given. Addressing all networks of default network_group: yolov8s
[2026-02-18 11:53:36.221] [300016] [HailoRT] [info] [vdevice.cpp:535] [create] Creating vdevice with params: device_count: 1, scheduling_algorithm: NONE, multi_process_service: false
[2026-02-18 11:53:36.234] [300016] [HailoRT] [info] [device.cpp:51] [Device] OS Version: Linux 6.12.62+rpt-rpi-2712 #1 SMP PREEMPT Debian 1:6.12.62-1+rpt1 (2025-12-18) aarch64
[2026-02-18 11:53:36.234] [300016] [HailoRT] [info] [control.cpp:113] [control__parse_identify_results] firmware_version is: 4.23.0
[2026-02-18 11:53:36.234] [300016] [HailoRT] [info] [vdevice.cpp:682] [create] VDevice Infos: 0001:01:00.0
[2026-02-18 11:53:36.243] [300016] [HailoRT] [info] [internal_buffer_manager.cpp:77] [print_execution_results] Planned internal buffer memory: CMA=0 CMA-Desc=65536 Pinned=1048576. memory to edge layer usage factor is 1
[2026-02-18 11:53:36.243] [300016] [HailoRT] [info] [internal_buffer_manager.cpp:86] [print_execution_results] Default Internal buffer planner executed successfully
[2026-02-18 11:53:36.283] [300016] [HailoRT] [info] [device_internal.cpp:57] [configure] Configuring HEF took 47.215269 milliseconds
[2026-02-18 11:53:36.283] [300016] [HailoRT] [info] [vdevice.cpp:780] [configure] Configuring HEF on VDevice took 48.337142 milliseconds
[2026-02-18 11:53:36.284] [300016] [HailoRT] [info] [core_op.cpp:156] [activate] Activating yolov8s took 0.983761 milliseconds. Note that the function is asynchronous and thus the network is not fully activated yet.
[2026-02-18 11:53:36.284] [300016] [HailoRT] [info] [core_op.cpp:156] [activate] Activating yolov8s took 1.013261 milliseconds. Note that the function is asynchronous and thus the network is not fully activated yet.
[2026-02-18 11:53:36.285] [300016] [HailoRT] [info] [edge_elements.cpp:52] [create] Created (HwWriteEl3yolov8s/input_layer1 | hw_frame_size: 1228800)
[2026-02-18 11:53:36.285] [300016] [HailoRT] [info] [queue_elements.cpp:284] [create] Created (PushQEl3yolov8s/input_layer1 | timeout: 10s)
[2026-02-18 11:53:36.285] [300016] [HailoRT] [info] [filter_elements.cpp:101] [create] Created (PreInferEl3yolov8s/input_layer1 | Reorder - src_order: NHWC, src_shape: (640, 640, 3), dst_order: NHCW, dst_shape: (640, 640, 3))
[2026-02-18 11:53:36.285] [300016] [HailoRT] [info] [vstream.cpp:754] [InputVStreamImpl] Creating yolov8s/input_layer1...
[2026-02-18 11:53:36.285] [300016] [HailoRT] [info] [vstream_builder.cpp:102] [create_inputs] Input pipeline 'yolov8s/input_layer1': (PreInferEl3yolov8s/input_layer1 | Reorder - src_order: NHWC, src_shape: (640, 640, 3), dst_order: NHCW, dst_shape: (640, 640, 3)) >> (PushQEl3yolov8s/input_layer1 | timeout: 10s) >> (HwWriteEl3yolov8s/input_layer1 | hw_frame_size: 1228800) >> HW
[2026-02-18 11:53:36.285] [300016] [HailoRT] [info] [multi_io_elements.cpp:135] [create] Created (NmsPPMuxEl0YOLOV8-Post-Process | Op YOLOV8, Name: YOLOV8-Post-Process, Score threshold: 0.200, IoU threshold: 0.70, Classes: 80, Max bboxes per class: 100, Image height: 640, Image width: 640)
[2026-02-18 11:53:36.285] [300016] [HailoRT] [info] [edge_elements.cpp:287] [create] Created (HwReadEl1yolov8s/conv41_97 | hw_frame_size: 409600)
[2026-02-18 11:53:36.285] [300016] [HailoRT] [info] [queue_elements.cpp:657] [create] Created (PullQEl_nms1yolov8s/conv41_97 | timeout: 10s)
[2026-02-18 11:53:36.285] [300016] [HailoRT] [info] [edge_elements.cpp:287] [create] Created (HwReadEl0yolov8s/conv42_97 | hw_frame_size: 512000)
[2026-02-18 11:53:36.286] [300016] [HailoRT] [info] [queue_elements.cpp:657] [create] Created (PullQEl_nms0yolov8s/conv42_97 | timeout: 10s)
[2026-02-18 11:53:36.286] [300016] [HailoRT] [info] [edge_elements.cpp:287] [create] Created (HwReadEl4yolov8s/conv52_97 | hw_frame_size: 102400)
[2026-02-18 11:53:36.286] [300016] [HailoRT] [info] [queue_elements.cpp:657] [create] Created (PullQEl_nms4yolov8s/conv52_97 | timeout: 10s)
[2026-02-18 11:53:36.286] [300016] [HailoRT] [info] [edge_elements.cpp:287] [create] Created (HwReadEl2yolov8s/conv53_97 | hw_frame_size: 128000)
[2026-02-18 11:53:36.286] [300016] [HailoRT] [info] [queue_elements.cpp:657] [create] Created (PullQEl_nms2yolov8s/conv53_97 | timeout: 10s)
[2026-02-18 11:53:36.286] [300016] [HailoRT] [info] [edge_elements.cpp:287] [create] Created (HwReadEl5yolov8s/conv62_97 | hw_frame_size: 30720)
[2026-02-18 11:53:36.287] [300016] [HailoRT] [info] [queue_elements.cpp:657] [create] Created (PullQEl_nms5yolov8s/conv62_97 | timeout: 10s)
[2026-02-18 11:53:36.305] [300016] [HailoRT] [info] [edge_elements.cpp:287] [create] Created (HwReadEl8yolov8s/conv63_97 | hw_frame_size: 38400)
[2026-02-18 11:53:36.305] [300016] [HailoRT] [info] [queue_elements.cpp:657] [create] Created (PullQEl_nms8yolov8s/conv63_97 | timeout: 10s)
[2026-02-18 11:53:36.305] [300016] [HailoRT] [info] [queue_elements.cpp:800] [create] Created (UserBufQEl_post_infer0yolov8s/yolov8_nms_postprocess | timeout: 10s)
[2026-02-18 11:53:36.305] [300016] [HailoRT] [info] [vstream.cpp:1114] [OutputVStreamImpl] Creating yolov8s/yolov8_nms_postprocess...
[2026-02-18 11:53:36.305] [300016] [HailoRT] [info] [vstream_builder.cpp:622] [create_output_post_process_nms] Output pipeline 'yolov8s/yolov8_nms_postprocess': HW >> (HwReadEl1yolov8s/conv41_97 | hw_frame_size: 409600) >> (PullQEl_nms1yolov8s/conv41_97) >> (HwReadEl0yolov8s/conv42_97 | hw_frame_size: 512000) >> (PullQEl_nms0yolov8s/conv42_97) >> (HwReadEl4yolov8s/conv52_97 | hw_frame_size: 102400) >> (PullQEl_nms4yolov8s/conv52_97) >> (HwReadEl2yolov8s/conv53_97 | hw_frame_size: 128000) >> (PullQEl_nms2yolov8s/conv53_97) >> (HwReadEl5yolov8s/conv62_97 | hw_frame_size: 30720) >> (PullQEl_nms5yolov8s/conv62_97) >> (HwReadEl8yolov8s/conv63_97 | hw_frame_size: 38400) >> (PullQEl_nms8yolov8s/conv63_97) >> (NmsPPMuxEl0YOLOV8-Post-Process | Op YOLOV8, Name: YOLOV8-Post-Process, Score threshold: 0.200, IoU threshold: 0.70, Classes: 80, Max bboxes per class: 100, Image height: 640, Image width: 640) >> (UserBufQEl_post_infer0yolov8s/yolov8_nms_postprocess | timeout: 10s)
[2026-02-18 11:53:36.331] [300047] [HailoRT] [info] [vdevice_native_stream.cpp:331] [read_impl] Failed read from stream HAILO_STREAM_ABORT(63) (device: 0001:01:00.0)
[2026-02-18 11:53:36.331] [300047] [HailoRT] [info] [edge_elements.cpp:396] [run_pull] Reading from stream was aborted!
[2026-02-18 11:53:36.331] [300046] [HailoRT] [info] [vdevice_native_stream.cpp:331] [read_impl] Failed read from stream HAILO_STREAM_ABORT(63) (device: 0001:01:00.0)
[2026-02-18 11:53:36.331] [300047] [HailoRT] [info] [queue_elements.cpp:738] [run_in_thread] run_pull of queue element PullQEl_nms0yolov8s/conv42_97 was aborted!
[2026-02-18 11:53:36.331] [300046] [HailoRT] [info] [edge_elements.cpp:396] [run_pull] Reading from stream was aborted!
[2026-02-18 11:53:36.331] [300046] [HailoRT] [info] [queue_elements.cpp:738] [run_in_thread] run_pull of queue element PullQEl_nms1yolov8s/conv41_97 was aborted!
[2026-02-18 11:53:36.331] [300050] [HailoRT] [info] [vdevice_native_stream.cpp:331] [read_impl] Failed read from stream HAILO_STREAM_ABORT(63) (device: 0001:01:00.0)
[2026-02-18 11:53:36.331] [300050] [HailoRT] [info] [edge_elements.cpp:396] [run_pull] Reading from stream was aborted!
[2026-02-18 11:53:36.331] [300050] [HailoRT] [info] [queue_elements.cpp:738] [run_in_thread] run_pull of queue element PullQEl_nms5yolov8s/conv62_97 was aborted!
[2026-02-18 11:53:36.335] [300049] [HailoRT] [info] [vdevice_native_stream.cpp:331] [read_impl] Failed read from stream HAILO_STREAM_ABORT(63) (device: 0001:01:00.0)
[2026-02-18 11:53:36.335] [300049] [HailoRT] [info] [edge_elements.cpp:396] [run_pull] Reading from stream was aborted!
[2026-02-18 11:53:36.335] [300049] [HailoRT] [info] [queue_elements.cpp:738] [run_in_thread] run_pull of queue element PullQEl_nms2yolov8s/conv53_97 was aborted!
[2026-02-18 11:53:36.335] [300051] [HailoRT] [info] [vdevice_native_stream.cpp:331] [read_impl] Failed read from stream HAILO_STREAM_ABORT(63) (device: 0001:01:00.0)
[2026-02-18 11:53:36.335] [300051] [HailoRT] [info] [edge_elemen[2026-02-18 11:53:48.859] [300581] [HailoRT] [info] [hef.cpp:1994] [get_network_group_and_network_name] No name was given. Addressing all networks of default network_group: yolov8s
[2026-02-18 11:53:48.917] [300581] [HailoRT] [info] [vdevice.cpp:535] [create] Creating vdevice with params: device_count: 1, scheduling_algorithm: NONE, multi_process_service: false
[2026-02-18 11:53:48.929] [300581] [HailoRT] [info] [device.cpp:51] [Device] OS Version: Linux 6.12.62+rpt-rpi-2712 #1 SMP PREEMPT Debian 1:6.12.62-1+rpt1 (2025-12-18) aarch64
[2026-02-18 11:53:48.932] [300581] [HailoRT] [info] [control.cpp:113] [control__parse_identify_results] firmware_version is: 4.23.0
[2026-02-18 11:53:48.932] [300581] [HailoRT] [info] [vdevice.cpp:682] [create] VDevice Infos: 0001:01:00.0
[2026-02-18 11:53:48.942] [300581] [HailoRT] [info] [internal_buffer_manager.cpp:77] [print_execution_results] Planned internal buffer memory: CMA=0 CMA-Desc=65536 Pinned=1048576. memory to edge layer usage factor is 1
[2026-02-18 11:53:48.942] [300581] [HailoRT] [info] [internal_buffer_manager.cpp:86] [print_execution_results] Default Internal buffer planner executed successfully
[2026-02-18 11:53:49.001] [300581] [HailoRT] [info] [device_internal.cpp:57] [configure] Configuring HEF took 67.876018 milliseconds
[2026-02-18 11:53:49.001] [300581] [HailoRT] [info] [vdevice.cpp:780] [configure] Configuring HEF on VDevice took 68.394815 milliseconds
[2026-02-18 11:53:49.002] [300581] [HailoRT] [info] [core_op.cpp:156] [activate] Activating yolov8s took 1.413483 milliseconds. Note that the function is asynchronous and thus the network is not fully activated yet.
[2026-02-18 11:53:49.002] [300581] [HailoRT] [info] [core_op.cpp:156] [activate] Activating yolov8s took 1.43965 milliseconds. Note that the function is asynchronous and thus the network is not fully activated yet.
[2026-02-18 11:53:49.003] [300581] [HailoRT] [info] [edge_elements.cpp:52] [create] Created (HwWriteEl3yolov8s/input_layer1 | hw_frame_size: 1228800)
[2026-02-18 11:53:49.003] [300581] [HailoRT] [info] [queue_elements.cpp:284] [create] Created (PushQEl3yolov8s/input_layer1 | timeout: 10s)
[2026-02-18 11:53:49.003] [300581] [HailoRT] [info] [filter_elements.cpp:101] [create] Created (PreInferEl3yolov8s/input_layer1 | Reorder - src_order: NHWC, src_shape: (640, 640, 3), dst_order: NHCW, dst_shape: (640, 640, 3))
[2026-02-18 11:53:49.003] [300581] [HailoRT] [info] [vstream.cpp:754] [InputVStreamImpl] Creating yolov8s/input_layer1...
[2026-02-18 11:53:49.003] [300581] [HailoRT] [info] [vstream_builder.cpp:102] [create_inputs] Input pipeline 'yolov8s/input_layer1': (PreInferEl3yolov8s/input_layer1 | Reorder - src_order: NHWC, src_shape: (640, 640, 3), dst_order: NHCW, dst_shape: (640, 640, 3)) >> (PushQEl3yolov8s/input_layer1 | timeout: 10s) >> (HwWriteEl3yolov8s/input_layer1 | hw_frame_size: 1228800) >> HW
[2026-02-18 11:53:49.003] [300581] [HailoRT] [info] [multi_io_elements.cpp:135] [create] Created (NmsPPMuxEl0YOLOV8-Post-Process | Op YOLOV8, Name: YOLOV8-Post-Process, Score threshold: 0.200, IoU threshold: 0.70, Classes: 80, Max bboxes per class: 100, Image height: 640, Image width: 640)
[2026-02-18 11:53:49.003] [300581] [HailoRT] [info] [edge_elements.cpp:287] [create] Created (HwReadEl1yolov8s/conv41_97 | hw_frame_size: 409600)
[2026-02-18 11:53:49.003] [300581] [HailoRT] [info] [queue_elements.cpp:657] [create] Created (PullQEl_nms1yolov8s/conv41_97 | timeout: 10s)
[2026-02-18 11:53:49.003] [300581] [HailoRT] [info] [edge_elements.cpp:287] [create] Created (HwReadEl0yolov8s/conv42_97 | hw_frame_size: 512000)
[2026-02-18 11:53:49.003] [300581] [HailoRT] [info] [queue_elements.cpp:657] [create] Created (PullQEl_nms0yolov8s/conv42_97 | timeout: 10s)
[2026-02-18 11:53:49.003] [300581] [HailoRT] [info] [edge_elements.cpp:287] [create] Created (HwReadEl4yolov8s/conv52_97 | hw_frame_size: 102400)
[2026-02-18 11:53:49.004] [300581] [HailoRT] [info] [queue_elements.cpp:657] [create] Created (PullQEl_nms4yolov8s/conv52_97 | timeout: 10s)
[2026-02-18 11:53:49.004] [300581] [HailoRT] [info] [edge_elements.cpp:287] [create] Created (HwReadEl2yolov8s/conv53_97 | hw_frame_size: 128000)
[2026-02-18 11:53:49.005] [300581] [HailoRT] [info] [queue_elements.cpp:657] [create] Created (PullQEl_nms2yolov8s/conv53_97 | timeout: 10s)
[2026-02-18 11:53:49.005] [300581] [HailoRT] [info] [edge_elements.cpp:287] [create] Created (HwReadEl5yolov8s/conv62_97 | hw_frame_size: 30720)
[2026-02-18 11:53:49.005] [300581] [HailoRT] [info] [queue_elements.cpp:657] [create] Created (PullQEl_nms5yolov8s/conv62_97 | timeout: 10s)
[2026-02-18 11:53:49.029] [300581] [HailoRT] [info] [edge_elements.cpp:287] [create] Created (HwReadEl8yolov8s/conv63_97 | hw_frame_size: 38400)
[2026-02-18 11:53:49.029] [300581] [HailoRT] [info] [queue_elements.cpp:657] [create] Created (PullQEl_nms8yolov8s/conv63_97 | timeout: 10s)
[2026-02-18 11:53:49.031] [300581] [HailoRT] [info] [queue_elements.cpp:800] [create] Created (UserBufQEl_post_infer0yolov8s/yolov8_nms_postprocess | timeout: 10s)
[2026-02-18 11:53:49.031] [300581] [HailoRT] [info] [vstream.cpp:1114] [OutputVStreamImpl] Creating yolov8s/yolov8_nms_postprocess...
[2026-02-18 11:53:49.031] [300581] [HailoRT] [info] [vstream_builder.cpp:622] [create_output_post_process_nms] Output pipeline 'yolov8s/yolov8_nms_postprocess': HW >> (HwReadEl1yolov8s/conv41_97 | hw_frame_size: 409600) >> (PullQEl_nms1yolov8s/conv41_97) >> (HwReadEl0yolov8s/conv42_97 | hw_frame_size: 512000) >> (PullQEl_nms0yolov8s/conv42_97) >> (HwReadEl4yolov8s/conv52_97 | hw_frame_size: 102400) >> (PullQEl_nms4yolov8s/conv52_97) >> (HwReadEl2yolov8s/conv53_97 | hw_frame_size: 128000) >> (PullQEl_nms2yolov8s/conv53_97) >> (HwReadEl5yolov8s/conv62_97 | hw_frame_size: 30720) >> (PullQEl_nms5yolov8s/conv62_97) >> (HwReadEl8yolov8s/conv63_97 | hw_frame_size: 38400) >> (PullQEl_nms8yolov8s/conv63_97) >> (NmsPPMuxEl0YOLOV8-Post-Process | Op YOLOV8, Name: YOLOV8-Post-Process, Score threshold: 0.200, IoU threshold: 0.70, Classes: 80, Max bboxes per class: 100, Image height: 640, Image width: 640) >> (UserBufQEl_post_infer0yolov8s/yolov8_nms_postprocess | timeout: 10s)
[2026-02-18 11:53:49.049] [300626] [HailoRT] [info] [vdevice_native_stream.cpp:331] [read_impl] Failed read from stream HAILO_STREAM_ABORT(63) (device: 0001:01:00.0)
[2026-02-18 11:53:49.049] [300626] [HailoRT] [info] [edge_elements.cpp:396] [run_pull] Reading from stream was aborted!
[2026-02-18 11:53:49.049] [300626] [HailoRT] [info] [queue_elements.cpp:738] [run_in_thread] run_pull of queue element PullQEl_nms2yolov8s/conv53_97 was aborted!
[2026-02-18 11:53:49.049] [300628] [HailoRT] [info] [vdevice_native_stream.cpp:331] [read_impl] Failed read from stream HAILO_STREAM_ABORT(63) (device: 0001:01:00.0)
[2026-02-18 11:53:49.049] [300628] [HailoRT] [info] [edge_elements.cpp:396] [run_pull] Reading from stream was aborted!
[2026-02-18 11:53:49.049] [300623] [HailoRT] [info] [vdevice_native_stream.cpp:331] [read_impl] Failed read from stream HAILO_STREAM_ABORT(63) (device: 0001:01:00.0)
[2026-02-18 11:53:49.049] [300623] [HailoRT] [info] [edge_elements.cpp:396] [run_pull] Reading from stream was aborted!
[2026-02-18 11:53:49.049] [300628] [HailoRT] [info] [queue_elements.cpp:738] [run_in_thread] run_pull of queue element PullQEl_nms8yolov8s/conv63_97 was aborted!
[2026-02-18 11:53:49.049] [300623] [HailoRT] [info] [queue_elements.cpp:738] [run_in_thread] run_pull of queue element PullQEl_nms1yolov8s/conv41_97 was aborted!
[2026-02-18 11:53:49.049] [300625] [HailoRT] [info] [vdevice_native_stream.cpp:331] [read_impl] Failed read from stream HAILO_STREAM_ABORT(63) (device: 0001:01:00.0)
[2026-02-18 11:53:49.049] [300625] [HailoRT] [info] [edge_elements.cpp:396] [run_pull] Reading from stream was aborted!
[2026-02-18 11:53:49.049] [300625] [HailoRT] [info] [queue_elements.cpp:738] [run_in_thread] run_pull of queue element PullQEl_nms4yolov8s/conv52_97 was aborted!
[2026-02-18 11:53:49.049] [300627] [HailoRT] [info] [vdevice_native_stream.cpp:331] [read_impl] Failed read from stream HAILO_STREAM_ABORT(63) (device: 0001:01:00.0)
[2026-02-18 11:53:49.049] [300627] [HailoRT] [info] [edge_element